This file contains any messages produced by compilers while
running configure, to aid debugging if configure makes a mistake.

It was created by libuldaq configure 1.1.1, which was
generated by GNU Autoconf 2.69.  Invocation command line was

  $ ./configure 

## --------- ##
## Platform. ##
## --------- ##

hostname = dhcp-18-20-184-234.dyn.mit.edu
uname -m = x86_64
uname -r = 19.0.0
uname -s = Darwin
uname -v = Darwin Kernel Version 19.0.0: Thu Oct 17 16:17:15 PDT 2019; root:xnu-6153.41.3~29/RELEASE_X86_64

/usr/bin/uname -p = i386
/bin/uname -X     = unknown

/bin/arch              = unknown
/usr/bin/arch -k       = unknown
/usr/convex/getsysinfo = unknown
/usr/bin/hostinfo      = Mach kernel version:
	 Darwin Kernel Version 19.0.0: Thu Oct 17 16:17:15 PDT 2019; root:xnu-6153.41.3~29/RELEASE_X86_64
Kernel configured for up to 8 processors.
4 processors are physically available.
8 processors are logically available.
Processor type: x86_64h (Intel x86-64h Haswell)
Processors active: 0 1 2 3 4 5 6 7
Primary memory available: 16.00 gigabytes
Default processor set: 682 tasks, 3097 threads, 8 processors
Load average: 1.75, Mach factor: 6.24
/bin/machine           = unknown
/usr/bin/oslevel       = unknown
/bin/universe          = unknown

PATH: /usr/local/bin
PATH: /usr/bin
PATH: /bin
PATH: /usr/sbin
PATH: /sbin
PATH: /opt/X11/bin


## ----------- ##
## Core tests. ##
## ----------- ##

configure:2415: checking for a BSD-compatible install
configure:2483: result: /usr/bin/install -c
configure:2494: checking whether build environment is sane
configure:2549: result: yes
configure:2700: checking for a thread-safe mkdir -p
configure:2739: result: ./install-sh -c -d
configure:2746: checking for gawk
configure:2776: result: no
configure:2746: checking for mawk
configure:2776: result: no
configure:2746: checking for nawk
configure:2776: result: no
configure:2746: checking for awk
configure:2762: found /usr/bin/awk
configure:2773: result: awk
configure:2784: checking whether make sets $(MAKE)
configure:2806: result: yes
configure:2835: checking whether make supports nested variables
configure:2852: result: yes
configure:2989: checking for style of include used by make
configure:3017: result: GNU
configure:3088: checking for gcc
configure:3104: found /usr/bin/gcc
configure:3115: result: gcc
configure:3344: checking for C compiler version
configure:3353: gcc --version >&5
Apple clang version 11.0.0 (clang-1100.0.33.12)
Target: x86_64-apple-darwin19.0.0
Thread model: posix
InstalledDir: /Library/Developer/CommandLineTools/usr/bin
Configured with: --prefix=/Library/Developer/CommandLineTools/usr --with-gxx-include-dir=/Library/Developer/CommandLineTools/SDKs/MacOSX.sdk/usr/include/c++/4.2.1
configure:3364: $? = 0
configure:3353: gcc -v >&5
Configured with: --prefix=/Library/Developer/CommandLineTools/usr --with-gxx-include-dir=/Library/Developer/CommandLineTools/SDKs/MacOSX.sdk/usr/include/c++/4.2.1
Apple clang version 11.0.0 (clang-1100.0.33.12)
Target: x86_64-apple-darwin19.0.0
Thread model: posix
InstalledDir: /Library/Developer/CommandLineTools/usr/bin
configure:3364: $? = 0
configure:3353: gcc -V >&5
clang: error: unsupported option '-V -Wno-framework-include-private-from-public'
clang: error: no input files
configure:3364: $? = 1
configure:3353: gcc -qversion >&5
clang: error: unknown argument '-qversion', did you mean '--version'?
clang: error: no input files
configure:3364: $? = 1
configure:3384: checking whether the C compiler works
configure:3406: gcc -O3   conftest.c  >&5
configure:3410: $? = 0
configure:3458: result: yes
configure:3461: checking for C compiler default output file name
configure:3463: result: a.out
configure:3469: checking for suffix of executables
configure:3476: gcc -o conftest -O3   conftest.c  >&5
configure:3480: $? = 0
configure:3502: result: 
configure:3524: checking whether we are cross compiling
configure:3532: gcc -o conftest -O3   conftest.c  >&5
configure:3536: $? = 0
configure:3543: ./conftest
configure:3547: $? = 0
configure:3562: result: no
configure:3567: checking for suffix of object files
configure:3589: gcc -c -O3  conftest.c >&5
configure:3593: $? = 0
configure:3614: result: o
configure:3618: checking whether we are using the GNU C compiler
configure:3637: gcc -c -O3  conftest.c >&5
configure:3637: $? = 0
configure:3646: result: yes
configure:3655: checking whether gcc accepts -g
configure:3675: gcc -c -g  conftest.c >&5
configure:3675: $? = 0
configure:3716: result: yes
configure:3733: checking for gcc option to accept ISO C89
configure:3796: gcc  -c -O3  conftest.c >&5
configure:3796: $? = 0
configure:3809: result: none needed
configure:3834: checking whether gcc understands -c and -o together
configure:3856: gcc -c conftest.c -o conftest2.o
configure:3859: $? = 0
configure:3856: gcc -c conftest.c -o conftest2.o
configure:3859: $? = 0
configure:3871: result: yes
configure:3890: checking dependency style of gcc
configure:4001: result: gcc3
configure:4066: checking for ar
configure:4082: found /usr/bin/ar
configure:4093: result: ar
configure:4119: checking the archiver (ar) interface
configure:4135: gcc -c -O3  conftest.c >&5
configure:4135: $? = 0
configure:4137: ar cru libconftest.a conftest.o >&5
configure:4140: $? = 0
configure:4168: result: ar
configure:4203: checking whether make supports nested variables
configure:4220: result: yes
configure:4291: checking for g++
configure:4307: found /usr/bin/g++
configure:4318: result: g++
configure:4345: checking for C++ compiler version
configure:4354: g++ --version >&5
Apple clang version 11.0.0 (clang-1100.0.33.12)
Target: x86_64-apple-darwin19.0.0
Thread model: posix
InstalledDir: /Library/Developer/CommandLineTools/usr/bin
Configured with: --prefix=/Library/Developer/CommandLineTools/usr --with-gxx-include-dir=/Library/Developer/CommandLineTools/SDKs/MacOSX.sdk/usr/include/c++/4.2.1
configure:4365: $? = 0
configure:4354: g++ -v >&5
Configured with: --prefix=/Library/Developer/CommandLineTools/usr --with-gxx-include-dir=/Library/Developer/CommandLineTools/SDKs/MacOSX.sdk/usr/include/c++/4.2.1
Apple clang version 11.0.0 (clang-1100.0.33.12)
Target: x86_64-apple-darwin19.0.0
Thread model: posix
InstalledDir: /Library/Developer/CommandLineTools/usr/bin
configure:4365: $? = 0
configure:4354: g++ -V >&5
clang: error: unsupported option '-V -Wno-framework-include-private-from-public'
clang: error: no input files
configure:4365: $? = 1
configure:4354: g++ -qversion >&5
clang: error: unknown argument '-qversion', did you mean '--version'?
clang: error: no input files
configure:4365: $? = 1
configure:4369: checking whether we are using the GNU C++ compiler
configure:4388: g++ -c -O3  conftest.cpp >&5
configure:4388: $? = 0
configure:4397: result: yes
configure:4406: checking whether g++ accepts -g
configure:4426: g++ -c -g  conftest.cpp >&5
configure:4426: $? = 0
configure:4467: result: yes
configure:4492: checking dependency style of g++
configure:4603: result: gcc3
configure:4666: checking for gcc
configure:4693: result: gcc
configure:4922: checking for C compiler version
configure:4931: gcc --version >&5
Apple clang version 11.0.0 (clang-1100.0.33.12)
Target: x86_64-apple-darwin19.0.0
Thread model: posix
InstalledDir: /Library/Developer/CommandLineTools/usr/bin
Configured with: --prefix=/Library/Developer/CommandLineTools/usr --with-gxx-include-dir=/Library/Developer/CommandLineTools/SDKs/MacOSX.sdk/usr/include/c++/4.2.1
configure:4942: $? = 0
configure:4931: gcc -v >&5
Configured with: --prefix=/Library/Developer/CommandLineTools/usr --with-gxx-include-dir=/Library/Developer/CommandLineTools/SDKs/MacOSX.sdk/usr/include/c++/4.2.1
Apple clang version 11.0.0 (clang-1100.0.33.12)
Target: x86_64-apple-darwin19.0.0
Thread model: posix
InstalledDir: /Library/Developer/CommandLineTools/usr/bin
configure:4942: $? = 0
configure:4931: gcc -V >&5
clang: error: unsupported option '-V -Wno-framework-include-private-from-public'
clang: error: no input files
configure:4942: $? = 1
configure:4931: gcc -qversion >&5
clang: error: unknown argument '-qversion', did you mean '--version'?
clang: error: no input files
configure:4942: $? = 1
configure:4946: checking whether we are using the GNU C compiler
configure:4974: result: yes
configure:4983: checking whether gcc accepts -g
configure:5044: result: yes
configure:5061: checking for gcc option to accept ISO C89
configure:5137: result: none needed
configure:5162: checking whether gcc understands -c and -o together
configure:5199: result: yes
configure:5218: checking dependency style of gcc
configure:5329: result: gcc3
configure:5373: checking build system type
configure:5387: result: x86_64-apple-darwin19.0.0
configure:5407: checking host system type
configure:5420: result: x86_64-apple-darwin19.0.0
configure:5461: checking how to print strings
configure:5488: result: printf
configure:5509: checking for a sed that does not truncate output
configure:5573: result: /usr/bin/sed
configure:5591: checking for grep that handles long lines and -e
configure:5649: result: /usr/bin/grep
configure:5654: checking for egrep
configure:5716: result: /usr/bin/grep -E
configure:5721: checking for fgrep
configure:5783: result: /usr/bin/grep -F
configure:5818: checking for ld used by gcc
configure:5885: result: /Library/Developer/CommandLineTools/usr/bin/ld
configure:5892: checking if the linker (/Library/Developer/CommandLineTools/usr/bin/ld) is GNU ld
configure:5907: result: no
configure:5919: checking for BSD- or MS-compatible name lister (nm)
configure:5968: result: /usr/bin/nm -B
configure:6098: checking the name lister (/usr/bin/nm -B) interface
configure:6105: gcc -c -O3  conftest.c >&5
configure:6108: /usr/bin/nm -B "conftest.o"
configure:6111: output
0000000000000000 S _some_variable
configure:6118: result: BSD nm
configure:6121: checking whether ln -s works
configure:6125: result: yes
configure:6133: checking the maximum length of command line arguments
configure:6264: result: 196608
configure:6281: checking whether the shell understands some XSI constructs
configure:6291: result: yes
configure:6295: checking whether the shell understands "+="
configure:6301: result: yes
configure:6336: checking how to convert x86_64-apple-darwin19.0.0 file names to x86_64-apple-darwin19.0.0 format
configure:6376: result: func_convert_file_noop
configure:6383: checking how to convert x86_64-apple-darwin19.0.0 file names to toolchain format
configure:6403: result: func_convert_file_noop
configure:6410: checking for /Library/Developer/CommandLineTools/usr/bin/ld option to reload object files
configure:6417: result: -r
configure:6491: checking for objdump
configure:6507: found /usr/bin/objdump
configure:6518: result: objdump
configure:6550: checking how to recognize dependent libraries
configure:6748: result: pass_all
configure:6833: checking for dlltool
configure:6863: result: no
configure:6893: checking how to associate runtime and link libraries
configure:6920: result: printf %s\n
configure:7044: checking for archiver @FILE support
configure:7061: gcc -c -O3  conftest.c >&5
configure:7061: $? = 0
configure:7064: ar cru libconftest.a @conftest.lst >&5
ar: @conftest.lst: No such file or directory
configure:7067: $? = 1
configure:7087: result: no
configure:7145: checking for strip
configure:7161: found /usr/bin/strip
configure:7172: result: strip
configure:7244: checking for ranlib
configure:7260: found /usr/bin/ranlib
configure:7271: result: ranlib
configure:7373: checking command to parse /usr/bin/nm -B output from gcc object
configure:7493: gcc -c -O3  conftest.c >&5
configure:7496: $? = 0
configure:7500: /usr/bin/nm -B conftest.o \| sed -n -e 's/^.*[ ]\([BCDEGRST][BCDEGRST]*\)[ ][ ]*\([_A-Za-z][_A-Za-z0-9]*\)$/\1 \2 \2/p' | sed '/ __gnu_lto/d' \> conftest.nm
configure:7503: $? = 0
cannot find nm_test_var in conftest.nm
configure:7493: gcc -c -O3  conftest.c >&5
configure:7496: $? = 0
configure:7500: /usr/bin/nm -B conftest.o \| sed -n -e 's/^.*[ ]\([BCDEGRST][BCDEGRST]*\)[ ][ ]*_\([_A-Za-z][_A-Za-z0-9]*\)$/\1 _\2 \2/p' | sed '/ __gnu_lto/d' \> conftest.nm
configure:7503: $? = 0
configure:7569: gcc -o conftest -O3   conftest.c conftstm.o >&5
configure:7572: $? = 0
configure:7610: result: ok
configure:7647: checking for sysroot
configure:7677: result: no
configure:7946: checking for mt
configure:7976: result: no
configure:7996: checking if : is a manifest tool
configure:8002: : '-?'
configure:8010: result: no
configure:8066: checking for dsymutil
configure:8082: found /usr/bin/dsymutil
configure:8093: result: dsymutil
configure:8158: checking for nmedit
configure:8174: found /usr/bin/nmedit
configure:8185: result: nmedit
configure:8250: checking for lipo
configure:8266: found /usr/bin/lipo
configure:8277: result: lipo
configure:8342: checking for otool
configure:8358: found /usr/bin/otool
configure:8369: result: otool
configure:8434: checking for otool64
configure:8464: result: no
configure:8509: checking for -single_module linker flag
gcc -O3  -o libconftest.dylib -dynamiclib -Wl,-single_module conftest.c
configure:8542: result: yes
configure:8545: checking for -exported_symbols_list linker flag
configure:8565: gcc -o conftest -O3   -Wl,-exported_symbols_list,conftest.sym conftest.c  >&5
configure:8565: $? = 0
configure:8575: result: yes
configure:8578: checking for -force_load linker flag
gcc -O3 -c -o conftest.o conftest.c
ar cru libconftest.a conftest.o
ranlib libconftest.a
gcc -O3  -o conftest conftest.c -Wl,-force_load,./libconftest.a
configure:8610: result: yes
configure:8652: checking how to run the C preprocessor
configure:8683: gcc -E  conftest.c
configure:8683: $? = 0
configure:8697: gcc -E  conftest.c
conftest.c:11:10: fatal error: 'ac_nonexistent.h' file not found
#include <ac_nonexistent.h>
         ^~~~~~~~~~~~~~~~~~
1 error generated.
configure:8697: $? = 1
configure: failed program was:
| /* confdefs.h */
| #define PACKAGE_NAME "libuldaq"
| #define PACKAGE_TARNAME "libuldaq"
| #define PACKAGE_VERSION "1.1.1"
| #define PACKAGE_STRING "libuldaq 1.1.1"
| #define PACKAGE_BUGREPORT "info@mccdaq.com"
| #define PACKAGE_URL "http://www.mccdaq.com"
| #define PACKAGE "libuldaq"
| #define VERSION "1.1.1"
| /* end confdefs.h.  */
| #include <ac_nonexistent.h>
configure:8722: result: gcc -E
configure:8742: gcc -E  conftest.c
configure:8742: $? = 0
configure:8756: gcc -E  conftest.c
conftest.c:11:10: fatal error: 'ac_nonexistent.h' file not found
#include <ac_nonexistent.h>
         ^~~~~~~~~~~~~~~~~~
1 error generated.
configure:8756: $? = 1
configure: failed program was:
| /* confdefs.h */
| #define PACKAGE_NAME "libuldaq"
| #define PACKAGE_TARNAME "libuldaq"
| #define PACKAGE_VERSION "1.1.1"
| #define PACKAGE_STRING "libuldaq 1.1.1"
| #define PACKAGE_BUGREPORT "info@mccdaq.com"
| #define PACKAGE_URL "http://www.mccdaq.com"
| #define PACKAGE "libuldaq"
| #define VERSION "1.1.1"
| /* end confdefs.h.  */
| #include <ac_nonexistent.h>
configure:8785: checking for ANSI C header files
configure:8805: gcc -c -O3  conftest.c >&5
configure:8805: $? = 0
configure:8878: gcc -o conftest -O3   conftest.c  >&5
configure:8878: $? = 0
configure:8878: ./conftest
configure:8878: $? = 0
configure:8889: result: yes
configure:8902: checking for sys/types.h
configure:8902: gcc -c -O3  conftest.c >&5
configure:8902: $? = 0
configure:8902: result: yes
configure:8902: checking for sys/stat.h
configure:8902: gcc -c -O3  conftest.c >&5
configure:8902: $? = 0
configure:8902: result: yes
configure:8902: checking for stdlib.h
configure:8902: gcc -c -O3  conftest.c >&5
configure:8902: $? = 0
configure:8902: result: yes
configure:8902: checking for string.h
configure:8902: gcc -c -O3  conftest.c >&5
configure:8902: $? = 0
configure:8902: result: yes
configure:8902: checking for memory.h
configure:8902: gcc -c -O3  conftest.c >&5
configure:8902: $? = 0
configure:8902: result: yes
configure:8902: checking for strings.h
configure:8902: gcc -c -O3  conftest.c >&5
configure:8902: $? = 0
configure:8902: result: yes
configure:8902: checking for inttypes.h
configure:8902: gcc -c -O3  conftest.c >&5
configure:8902: $? = 0
configure:8902: result: yes
configure:8902: checking for stdint.h
configure:8902: gcc -c -O3  conftest.c >&5
configure:8902: $? = 0
configure:8902: result: yes
configure:8902: checking for unistd.h
configure:8902: gcc -c -O3  conftest.c >&5
configure:8902: $? = 0
configure:8902: result: yes
configure:8916: checking for dlfcn.h
configure:8916: gcc -c -O3  conftest.c >&5
configure:8916: $? = 0
configure:8916: result: yes
configure:9133: checking for objdir
configure:9148: result: .libs
configure:9419: checking if gcc supports -fno-rtti -fno-exceptions
configure:9437: gcc -c -O3  -fno-rtti -fno-exceptions conftest.c >&5
configure:9441: $? = 0
configure:9454: result: yes
configure:9781: checking for gcc option to produce PIC
configure:9788: result: -fno-common -DPIC
configure:9796: checking if gcc PIC flag -fno-common -DPIC works
configure:9814: gcc -c -O3  -fno-common -DPIC -DPIC conftest.c >&5
configure:9818: $? = 0
configure:9831: result: yes
configure:9860: checking if gcc static flag -static works
configure:9888: result: no
configure:9903: checking if gcc supports -c -o file.o
configure:9924: gcc -c -O3  -o out/conftest2.o conftest.c >&5
configure:9928: $? = 0
configure:9950: result: yes
configure:9958: checking if gcc supports -c -o file.o
configure:10005: result: yes
configure:10038: checking whether the gcc linker (/Library/Developer/CommandLineTools/usr/bin/ld) supports shared libraries
configure:11195: result: yes
configure:11435: checking dynamic linker characteristics
configure:12169: result: darwin19.0.0 dyld
configure:12276: checking how to hardcode library paths into programs
configure:12301: result: immediate
configure:12841: checking whether stripping libraries is possible
configure:12855: result: yes
configure:12881: checking if libtool supports shared libraries
configure:12883: result: yes
configure:12886: checking whether to build shared libraries
configure:12907: result: yes
configure:12910: checking whether to build static libraries
configure:12914: result: yes
configure:12937: checking how to run the C++ preprocessor
configure:12964: g++ -E  conftest.cpp
configure:12964: $? = 0
configure:12978: g++ -E  conftest.cpp
conftest.cpp:23:10: fatal error: 'ac_nonexistent.h' file not found
#include <ac_nonexistent.h>
         ^~~~~~~~~~~~~~~~~~
1 error generated.
configure:12978: $? = 1
configure: failed program was:
| /* confdefs.h */
| #define PACKAGE_NAME "libuldaq"
| #define PACKAGE_TARNAME "libuldaq"
| #define PACKAGE_VERSION "1.1.1"
| #define PACKAGE_STRING "libuldaq 1.1.1"
| #define PACKAGE_BUGREPORT "info@mccdaq.com"
| #define PACKAGE_URL "http://www.mccdaq.com"
| #define PACKAGE "libuldaq"
| #define VERSION "1.1.1"
| #define STDC_HEADERS 1
| #define HAVE_SYS_TYPES_H 1
| #define HAVE_SYS_STAT_H 1
| #define HAVE_STDLIB_H 1
| #define HAVE_STRING_H 1
| #define HAVE_MEMORY_H 1
| #define HAVE_STRINGS_H 1
| #define HAVE_INTTYPES_H 1
| #define HAVE_STDINT_H 1
| #define HAVE_UNISTD_H 1
| #define HAVE_DLFCN_H 1
| #define LT_OBJDIR ".libs/"
| /* end confdefs.h.  */
| #include <ac_nonexistent.h>
configure:13003: result: g++ -E
configure:13023: g++ -E  conftest.cpp
configure:13023: $? = 0
configure:13037: g++ -E  conftest.cpp
conftest.cpp:23:10: fatal error: 'ac_nonexistent.h' file not found
#include <ac_nonexistent.h>
         ^~~~~~~~~~~~~~~~~~
1 error generated.
configure:13037: $? = 1
configure: failed program was:
| /* confdefs.h */
| #define PACKAGE_NAME "libuldaq"
| #define PACKAGE_TARNAME "libuldaq"
| #define PACKAGE_VERSION "1.1.1"
| #define PACKAGE_STRING "libuldaq 1.1.1"
| #define PACKAGE_BUGREPORT "info@mccdaq.com"
| #define PACKAGE_URL "http://www.mccdaq.com"
| #define PACKAGE "libuldaq"
| #define VERSION "1.1.1"
| #define STDC_HEADERS 1
| #define HAVE_SYS_TYPES_H 1
| #define HAVE_SYS_STAT_H 1
| #define HAVE_STDLIB_H 1
| #define HAVE_STRING_H 1
| #define HAVE_MEMORY_H 1
| #define HAVE_STRINGS_H 1
| #define HAVE_INTTYPES_H 1
| #define HAVE_STDINT_H 1
| #define HAVE_UNISTD_H 1
| #define HAVE_DLFCN_H 1
| #define LT_OBJDIR ".libs/"
| /* end confdefs.h.  */
| #include <ac_nonexistent.h>
configure:13206: checking for ld used by g++
configure:13273: result: /Library/Developer/CommandLineTools/usr/bin/ld
configure:13280: checking if the linker (/Library/Developer/CommandLineTools/usr/bin/ld) is GNU ld
configure:13295: result: no
configure:13350: checking whether the g++ linker (/Library/Developer/CommandLineTools/usr/bin/ld) supports shared libraries
configure:14352: result: yes
configure:14388: g++ -c -O3  conftest.cpp >&5
configure:14391: $? = 0
configure:14911: checking for g++ option to produce PIC
configure:14918: result: -fno-common -DPIC
configure:14926: checking if g++ PIC flag -fno-common -DPIC works
configure:14944: g++ -c -O3  -fno-common -DPIC -DPIC conftest.cpp >&5
configure:14948: $? = 0
configure:14961: result: yes
configure:14984: checking if g++ static flag -static works
configure:15012: result: no
configure:15024: checking if g++ supports -c -o file.o
configure:15045: g++ -c -O3  -o out/conftest2.o conftest.cpp >&5
configure:15049: $? = 0
configure:15071: result: yes
configure:15076: checking if g++ supports -c -o file.o
configure:15123: result: yes
configure:15153: checking whether the g++ linker (/Library/Developer/CommandLineTools/usr/bin/ld) supports shared libraries
configure:15192: result: yes
configure:15333: checking dynamic linker characteristics
configure:16001: result: darwin19.0.0 dyld
configure:16054: checking how to hardcode library paths into programs
configure:16079: result: immediate
configure:16149: checking operating system
configure:16151: result: x86_64-apple-darwin19.0.0
configure:16165: result:  Mac OS X
configure:16180: checking for libusb_init in -lusb-1.0
configure:16205: gcc -o conftest -O3   conftest.c -lusb-1.0   -framework IOKit -framework CoreFoundation >&5
configure:16205: $? = 0
configure:16214: result: yes
configure:16230: checking libusb-1.0/libusb.h usability
configure:16230: gcc -c -O3  conftest.c >&5
configure:16230: $? = 0
configure:16230: result: yes
configure:16230: checking libusb-1.0/libusb.h presence
configure:16230: gcc -E  conftest.c
configure:16230: $? = 0
configure:16230: result: yes
configure:16230: checking for libusb-1.0/libusb.h
configure:16230: result: yes
configure:16414: checking that generated files are newer than configure
configure:16420: result: done
configure:16467: creating ./config.status

## ---------------------- ##
## Running config.status. ##
## ---------------------- ##

This file was extended by libuldaq config.status 1.1.1, which was
generated by GNU Autoconf 2.69.  Invocation command line was

  CONFIG_FILES    = 
  CONFIG_HEADERS  = 
  CONFIG_LINKS    = 
  CONFIG_COMMANDS = 
  $ ./config.status 

on dhcp-18-20-184-234.dyn.mit.edu

config.status:1158: creating libuldaq.pc
config.status:1158: creating Makefile
config.status:1158: creating src/Makefile
config.status:1158: creating examples/Makefile
config.status:1158: creating config.h
config.status:1339: config.h is unchanged
config.status:1387: executing depfiles commands
config.status:1387: executing libtool commands

## ---------------- ##
## Cache variables. ##
## ---------------- ##

ac_cv_build=x86_64-apple-darwin19.0.0
ac_cv_c_compiler_gnu=yes
ac_cv_cxx_compiler_gnu=yes
ac_cv_env_CCC_set=
ac_cv_env_CCC_value=
ac_cv_env_CC_set=
ac_cv_env_CC_value=
ac_cv_env_CFLAGS_set=
ac_cv_env_CFLAGS_value=
ac_cv_env_CPPFLAGS_set=
ac_cv_env_CPPFLAGS_value=
ac_cv_env_CPP_set=
ac_cv_env_CPP_value=
ac_cv_env_CXXCPP_set=
ac_cv_env_CXXCPP_value=
ac_cv_env_CXXFLAGS_set=
ac_cv_env_CXXFLAGS_value=
ac_cv_env_CXX_set=
ac_cv_env_CXX_value=
ac_cv_env_LDFLAGS_set=
ac_cv_env_LDFLAGS_value=
ac_cv_env_LIBS_set=
ac_cv_env_LIBS_value=
ac_cv_env_build_alias_set=
ac_cv_env_build_alias_value=
ac_cv_env_host_alias_set=
ac_cv_env_host_alias_value=
ac_cv_env_target_alias_set=
ac_cv_env_target_alias_value=
ac_cv_header_dlfcn_h=yes
ac_cv_header_inttypes_h=yes
ac_cv_header_libusb_1_0_libusb_h=yes
ac_cv_header_memory_h=yes
ac_cv_header_stdc=yes
ac_cv_header_stdint_h=yes
ac_cv_header_stdlib_h=yes
ac_cv_header_string_h=yes
ac_cv_header_strings_h=yes
ac_cv_header_sys_stat_h=yes
ac_cv_header_sys_types_h=yes
ac_cv_header_unistd_h=yes
ac_cv_host=x86_64-apple-darwin19.0.0
ac_cv_lib_usb_1_0_libusb_init=yes
ac_cv_objext=o
ac_cv_path_EGREP='/usr/bin/grep -E'
ac_cv_path_FGREP='/usr/bin/grep -F'
ac_cv_path_GREP=/usr/bin/grep
ac_cv_path_SED=/usr/bin/sed
ac_cv_path_install='/usr/bin/install -c'
ac_cv_prog_AWK=awk
ac_cv_prog_CPP='gcc -E'
ac_cv_prog_CXXCPP='g++ -E'
ac_cv_prog_ac_ct_AR=ar
ac_cv_prog_ac_ct_CC=gcc
ac_cv_prog_ac_ct_CXX=g++
ac_cv_prog_ac_ct_DSYMUTIL=dsymutil
ac_cv_prog_ac_ct_LIPO=lipo
ac_cv_prog_ac_ct_NMEDIT=nmedit
ac_cv_prog_ac_ct_OBJDUMP=objdump
ac_cv_prog_ac_ct_OTOOL=otool
ac_cv_prog_ac_ct_RANLIB=ranlib
ac_cv_prog_ac_ct_STRIP=strip
ac_cv_prog_cc_c89=
ac_cv_prog_cc_g=yes
ac_cv_prog_cxx_g=yes
ac_cv_prog_make_make_set=yes
am_cv_CC_dependencies_compiler_type=gcc3
am_cv_CXX_dependencies_compiler_type=gcc3
am_cv_ar_interface=ar
am_cv_make_support_nested_variables=yes
am_cv_prog_cc_c_o=yes
lt_cv_apple_cc_single_mod=yes
lt_cv_ar_at_file=no
lt_cv_deplibs_check_method=pass_all
lt_cv_file_magic_cmd='$MAGIC_CMD'
lt_cv_file_magic_test_file=
lt_cv_ld_exported_symbols_list=yes
lt_cv_ld_force_load=yes
lt_cv_ld_reload_flag=-r
lt_cv_nm_interface='BSD nm'
lt_cv_objdir=.libs
lt_cv_path_LD=/Library/Developer/CommandLineTools/usr/bin/ld
lt_cv_path_LDCXX=/Library/Developer/CommandLineTools/usr/bin/ld
lt_cv_path_NM='/usr/bin/nm -B'
lt_cv_path_mainfest_tool=no
lt_cv_prog_compiler_c_o=yes
lt_cv_prog_compiler_c_o_CXX=yes
lt_cv_prog_compiler_pic='-fno-common -DPIC'
lt_cv_prog_compiler_pic_CXX='-fno-common -DPIC'
lt_cv_prog_compiler_pic_works=yes
lt_cv_prog_compiler_pic_works_CXX=yes
lt_cv_prog_compiler_rtti_exceptions=yes
lt_cv_prog_compiler_static_works=no
lt_cv_prog_compiler_static_works_CXX=no
lt_cv_prog_gnu_ld=no
lt_cv_prog_gnu_ldcxx=no
lt_cv_sharedlib_from_linklib_cmd='printf %s\n'
lt_cv_sys_global_symbol_pipe='sed -n -e '\''s/^.*[	 ]\([BCDEGRST][BCDEGRST]*\)[	 ][	 ]*_\([_A-Za-z][_A-Za-z0-9]*\)$/\1 _\2 \2/p'\'' | sed '\''/ __gnu_lto/d'\'''
lt_cv_sys_global_symbol_to_c_name_address='sed -n -e '\''s/^: \([^ ]*\)[ ]*$/  {\"\1\", (void *) 0},/p'\'' -e '\''s/^[BCDEGRST]* \([^ ]*\) \([^ ]*\)$/  {"\2", (void *) \&\2},/p'\'''
lt_cv_sys_global_symbol_to_c_name_address_lib_prefix='sed -n -e '\''s/^: \([^ ]*\)[ ]*$/  {\"\1\", (void *) 0},/p'\'' -e '\''s/^[BCDEGRST]* \([^ ]*\) \(lib[^ ]*\)$/  {"\2", (void *) \&\2},/p'\'' -e '\''s/^[BCDEGRST]* \([^ ]*\) \([^ ]*\)$/  {"lib\2", (void *) \&\2},/p'\'''
lt_cv_sys_global_symbol_to_cdecl='sed -n -e '\''s/^T .* \(.*\)$/extern int \1();/p'\'' -e '\''s/^[BCDEGRST]* .* \(.*\)$/extern char \1;/p'\'''
lt_cv_sys_max_cmd_len=196608
lt_cv_to_host_file_cmd=func_convert_file_noop
lt_cv_to_tool_file_cmd=func_convert_file_noop

## ----------------- ##
## Output variables. ##
## ----------------- ##

ACLOCAL='${SHELL} /Users/trevorlong/libuldaq-1.1.1/missing aclocal-1.14'
AMDEPBACKSLASH='\'
AMDEP_FALSE='#'
AMDEP_TRUE=''
AMTAR='$${TAR-tar}'
AM_BACKSLASH='\'
AM_DEFAULT_V='$(AM_DEFAULT_VERBOSITY)'
AM_DEFAULT_VERBOSITY='0'
AM_V='$(V)'
AR='ar'
AUTOCONF='${SHELL} /Users/trevorlong/libuldaq-1.1.1/missing autoconf'
AUTOHEADER='${SHELL} /Users/trevorlong/libuldaq-1.1.1/missing autoheader'
AUTOMAKE='${SHELL} /Users/trevorlong/libuldaq-1.1.1/missing automake-1.14'
AWK='awk'
BUILD_EXAMPLES_FALSE='#'
BUILD_EXAMPLES_TRUE=''
CC='gcc'
CCDEPMODE='depmode=gcc3'
CFLAGS='-O3'
CPP='gcc -E'
CPPFLAGS=''
CXX='g++'
CXXCPP='g++ -E'
CXXDEPMODE='depmode=gcc3'
CXXFLAGS='-O3'
CYGPATH_W='echo'
DEBUG_FALSE=''
DEBUG_TRUE='#'
DEFS='-DHAVE_CONFIG_H'
DEPDIR='.deps'
DLLTOOL='false'
DSYMUTIL='dsymutil'
DUMPBIN=''
ECHO_C='\c'
ECHO_N=''
ECHO_T=''
EGREP='/usr/bin/grep -E'
EXEEXT=''
FGREP='/usr/bin/grep -F'
GREP='/usr/bin/grep'
INSTALL_DATA='${INSTALL} -m 644'
INSTALL_PROGRAM='${INSTALL}'
INSTALL_SCRIPT='${INSTALL}'
INSTALL_STRIP_PROGRAM='$(install_sh) -c -s'
LD='/Library/Developer/CommandLineTools/usr/bin/ld'
LDFLAGS=''
LIBOBJS=''
LIBS='-lusb-1.0  -framework IOKit -framework CoreFoundation'
LIBTOOL='$(SHELL) $(top_builddir)/libtool'
LIPO='lipo'
LN_S='ln -s'
LTLDFLAGS='-version-info 2:1:1'
LTLIBOBJS=''
MAKEINFO='${SHELL} /Users/trevorlong/libuldaq-1.1.1/missing makeinfo'
MANIFEST_TOOL=':'
MKDIR_P='./install-sh -c -d'
NM='/usr/bin/nm -B'
NMEDIT='nmedit'
OBJDUMP='objdump'
OBJEXT='o'
OS_DARWIN=''
OS_DARWIN_FALSE='#'
OS_DARWIN_TRUE=''
OS_LINUX=''
OS_LINUX_FALSE=''
OS_LINUX_TRUE='#'
OTOOL64=':'
OTOOL='otool'
PACKAGE='libuldaq'
PACKAGE_BUGREPORT='info@mccdaq.com'
PACKAGE_NAME='libuldaq'
PACKAGE_STRING='libuldaq 1.1.1'
PACKAGE_TARNAME='libuldaq'
PACKAGE_URL='http://www.mccdaq.com'
PACKAGE_VERSION='1.1.1'
PATH_SEPARATOR=':'
RANLIB='ranlib'
SED='/usr/bin/sed'
SET_MAKE=''
SHELL='/bin/sh'
STRIP='strip'
VERSION='1.1.1'
ac_ct_AR='ar'
ac_ct_CC='gcc'
ac_ct_CXX='g++'
ac_ct_DUMPBIN=''
am__EXEEXT_FALSE=''
am__EXEEXT_TRUE='#'
am__fastdepCC_FALSE='#'
am__fastdepCC_TRUE=''
am__fastdepCXX_FALSE='#'
am__fastdepCXX_TRUE=''
am__include='include'
am__isrc=''
am__leading_dot='.'
am__nodep='_no'
am__quote=''
am__tar='$${TAR-tar} chof - "$$tardir"'
am__untar='$${TAR-tar} xf -'
bindir='${exec_prefix}/bin'
build='x86_64-apple-darwin19.0.0'
build_alias=''
build_cpu='x86_64'
build_os='darwin19.0.0'
build_vendor='apple'
datadir='${datarootdir}'
datarootdir='${prefix}/share'
docdir='${datarootdir}/doc/${PACKAGE_TARNAME}'
dvidir='${docdir}'
exec_prefix='${prefix}'
host='x86_64-apple-darwin19.0.0'
host_alias=''
host_cpu='x86_64'
host_os='darwin19.0.0'
host_vendor='apple'
htmldir='${docdir}'
includedir='${prefix}/include'
infodir='${datarootdir}/info'
install_sh='${SHELL} /Users/trevorlong/libuldaq-1.1.1/install-sh'
libdir='${exec_prefix}/lib'
libexecdir='${exec_prefix}/libexec'
localedir='${datarootdir}/locale'
localstatedir='${prefix}/var'
mandir='${datarootdir}/man'
mkdir_p='$(MKDIR_P)'
oldincludedir='/usr/include'
pdfdir='${docdir}'
prefix='/usr/local'
program_transform_name='s,x,x,'
psdir='${docdir}'
sbindir='${exec_prefix}/sbin'
sharedstatedir='${prefix}/com'
sysconfdir='${prefix}/etc'
target_alias=''

## ----------- ##
## confdefs.h. ##
## ----------- ##

/* confdefs.h */
#define PACKAGE_NAME "libuldaq"
#define PACKAGE_TARNAME "libuldaq"
#define PACKAGE_VERSION "1.1.1"
#define PACKAGE_STRING "libuldaq 1.1.1"
#define PACKAGE_BUGREPORT "info@mccdaq.com"
#define PACKAGE_URL "http://www.mccdaq.com"
#define PACKAGE "libuldaq"
#define VERSION "1.1.1"
#define STDC_HEADERS 1
#define HAVE_SYS_TYPES_H 1
#define HAVE_SYS_STAT_H 1
#define HAVE_STDLIB_H 1
#define HAVE_STRING_H 1
#define HAVE_MEMORY_H 1
#define HAVE_STRINGS_H 1
#define HAVE_INTTYPES_H 1
#define HAVE_STDINT_H 1
#define HAVE_UNISTD_H 1
#define HAVE_DLFCN_H 1
#define LT_OBJDIR ".libs/"
#define OS_DARWIN 1
#define HAVE_LIBUSB_1_0 1
#define HAVE_LIBUSB_1_0_LIBUSB_H 1

configure: exit 0
